<?xml version="1.0" encoding="UTF-8"?>
<testng-results skipped="0" failed="0" ignored="0" total="2" passed="2">
  <reporter-output>
  </reporter-output>
  <suite name="AirportTest" duration-ms="49" started-at="2020-10-27T16:21:17 MSK" finished-at="2020-10-27T16:21:17 MSK">
    <groups>
    </groups>
    <test name="Command line test" duration-ms="49" started-at="2020-10-27T16:21:17 MSK" finished-at="2020-10-27T16:21:17 MSK">
      <class name="AirportTest">
        <test-method status="PASS" signature="airportHasAtLeastOneTransportMilitaryPlanesTest()[pri:0, instance:AirportTest@366e2eef]" name="airportHasAtLeastOneTransportMilitaryPlanesTest" duration-ms="12" started-at="2020-10-27T16:21:17 MSK" finished-at="2020-10-27T16:21:17 MSK">
          <reporter-output>
          </reporter-output>
        </test-method> <!-- airportHasAtLeastOneTransportMilitaryPlanesTest -->
        <test-method status="PASS" signature="getPassengerPlaneWithMaxCapacityTest()[pri:0, instance:AirportTest@366e2eef]" name="getPassengerPlaneWithMaxCapacityTest" duration-ms="1" started-at="2020-10-27T16:21:17 MSK" finished-at="2020-10-27T16:21:17 MSK">
          <reporter-output>
          </reporter-output>
        </test-method> <!-- getPassengerPlaneWithMaxCapacityTest -->
      </class> <!-- AirportTest -->
    </test> <!-- Command line test -->
  </suite> <!-- AirportTest -->
</testng-results>
